{"/Users/psubedi/Downloads/Intern/mini-api/src/app.controller.ts": {"path":"/Users/psubedi/Downloads/Intern/mini-api/src/app.controller.ts","statementMap":{"0":{"start":{"line":1,"column":0},"end":{"line":1,"column":49}},"1":{"start":{"line":2,"column":0},"end":{"line":2,"column":43}},"2":{"start":{"line":5,"column":7},"end":{"line":12,"column":null}},"3":{"start":{"line":6,"column":31},"end":{"line":6,"column":43}},"4":{"start":{"line":10,"column":4},"end":{"line":10,"column":38}},"5":{"start":{"line":5,"column":13},"end":{"line":5,"column":26}},"6":{"start":{"line":9,"column":2},"end":{"line":11,"column":null}},"7":{"start":{"line":5,"column":13},"end":{"line":12,"column":null}}},"fnMap":{"0":{"name":"(anonymous_2)","decl":{"start":{"line":6,"column":2},"end":{"line":6,"column":31}},"loc":{"start":{"line":6,"column":53},"end":{"line":6,"column":57}}},"1":{"name":"(anonymous_3)","decl":{"start":{"line":9,"column":2},"end":{"line":9,"column":10}},"loc":{"start":{"line":9,"column":10},"end":{"line":11,"column":3}}}},"branchMap":{},"s":{"0":1,"1":1,"2":1,"3":1,"4":1,"5":1,"6":1,"7":1},"f":{"0":1,"1":1},"b":{}}
,"/Users/psubedi/Downloads/Intern/mini-api/src/app.service.ts": {"path":"/Users/psubedi/Downloads/Intern/mini-api/src/app.service.ts","statementMap":{"0":{"start":{"line":1,"column":0},"end":{"line":1,"column":44}},"1":{"start":{"line":4,"column":7},"end":{"line":8,"column":null}},"2":{"start":{"line":6,"column":4},"end":{"line":6,"column":26}},"3":{"start":{"line":4,"column":13},"end":{"line":4,"column":23}},"4":{"start":{"line":4,"column":13},"end":{"line":8,"column":null}}},"fnMap":{"0":{"name":"(anonymous_1)","decl":{"start":{"line":5,"column":2},"end":{"line":5,"column":10}},"loc":{"start":{"line":5,"column":10},"end":{"line":7,"column":3}}}},"branchMap":{},"s":{"0":1,"1":1,"2":1,"3":1,"4":1},"f":{"0":1},"b":{}}
,"/Users/psubedi/Downloads/Intern/mini-api/src/analytics/analytics.controller.ts": {"path":"/Users/psubedi/Downloads/Intern/mini-api/src/analytics/analytics.controller.ts","statementMap":{"0":{"start":{"line":1,"column":0},"end":{"line":1,"column":49}},"1":{"start":{"line":2,"column":0},"end":{"line":2,"column":55}},"2":{"start":{"line":5,"column":7},"end":{"line":17,"column":null}},"3":{"start":{"line":6,"column":22},"end":{"line":6,"column":40}},"4":{"start":{"line":10,"column":4},"end":{"line":10,"column":44}},"5":{"start":{"line":15,"column":4},"end":{"line":15,"column":45}},"6":{"start":{"line":5,"column":13},"end":{"line":5,"column":32}},"7":{"start":{"line":9,"column":2},"end":{"line":11,"column":null}},"8":{"start":{"line":14,"column":2},"end":{"line":16,"column":null}},"9":{"start":{"line":5,"column":13},"end":{"line":17,"column":null}}},"fnMap":{"0":{"name":"(anonymous_2)","decl":{"start":{"line":6,"column":2},"end":{"line":6,"column":22}},"loc":{"start":{"line":6,"column":56},"end":{"line":6,"column":60}}},"1":{"name":"(anonymous_3)","decl":{"start":{"line":9,"column":2},"end":{"line":9,"column":5}},"loc":{"start":{"line":9,"column":5},"end":{"line":11,"column":3}}},"2":{"name":"(anonymous_4)","decl":{"start":{"line":14,"column":2},"end":{"line":14,"column":8}},"loc":{"start":{"line":14,"column":8},"end":{"line":16,"column":3}}}},"branchMap":{},"s":{"0":1,"1":1,"2":1,"3":3,"4":1,"5":1,"6":1,"7":1,"8":1,"9":1},"f":{"0":3,"1":1,"2":1},"b":{}}
,"/Users/psubedi/Downloads/Intern/mini-api/src/analytics/analytics.service.ts": {"path":"/Users/psubedi/Downloads/Intern/mini-api/src/analytics/analytics.service.ts","statementMap":{"0":{"start":{"line":1,"column":0},"end":{"line":1,"column":52}},"1":{"start":{"line":2,"column":0},"end":{"line":2,"column":47}},"2":{"start":{"line":3,"column":0},"end":{"line":3,"column":33}},"3":{"start":{"line":4,"column":0},"end":{"line":4,"column":54}},"4":{"start":{"line":6,"column":0},"end":{"line":6,"column":51}},"5":{"start":{"line":9,"column":7},"end":{"line":44,"column":null}},"6":{"start":{"line":11,"column":38},"end":{"line":11,"column":51}},"7":{"start":{"line":12,"column":35},"end":{"line":12,"column":47}},"8":{"start":{"line":16,"column":21},"end":{"line":16,"column":36}},"9":{"start":{"line":19,"column":19},"end":{"line":19,"column":49}},"10":{"start":{"line":20,"column":4},"end":{"line":22,"column":5}},"11":{"start":{"line":21,"column":6},"end":{"line":21,"column":44}},"12":{"start":{"line":25,"column":18},"end":{"line":25,"column":57}},"13":{"start":{"line":26,"column":21},"end":{"line":30,"column":6}},"14":{"start":{"line":32,"column":19},"end":{"line":32,"column":38}},"15":{"start":{"line":35,"column":4},"end":{"line":35,"column":51}},"16":{"start":{"line":37,"column":4},"end":{"line":37,"column":43}},"17":{"start":{"line":42,"column":4},"end":{"line":42,"column":42}},"18":{"start":{"line":9,"column":13},"end":{"line":9,"column":29}},"19":{"start":{"line":9,"column":13},"end":{"line":44,"column":null}}},"fnMap":{"0":{"name":"(anonymous_4)","decl":{"start":{"line":10,"column":2},"end":{"line":10,"column":null}},"loc":{"start":{"line":12,"column":47},"end":{"line":13,"column":6}}},"1":{"name":"(anonymous_5)","decl":{"start":{"line":15,"column":2},"end":{"line":15,"column":7}},"loc":{"start":{"line":15,"column":16},"end":{"line":38,"column":3}}},"2":{"name":"(anonymous_6)","decl":{"start":{"line":41,"column":2},"end":{"line":41,"column":7}},"loc":{"start":{"line":41,"column":18},"end":{"line":43,"column":3}}}},"branchMap":{"0":{"loc":{"start":{"line":20,"column":4},"end":{"line":22,"column":5}},"type":"if","locations":[{"start":{"line":20,"column":4},"end":{"line":22,"column":5}}]}},"s":{"0":6,"1":6,"2":6,"3":6,"4":6,"5":6,"6":4,"7":4,"8":2,"9":2,"10":2,"11":1,"12":1,"13":1,"14":1,"15":1,"16":1,"17":1,"18":6,"19":6},"f":{"0":4,"1":2,"2":1},"b":{"0":[1]}}
,"/Users/psubedi/Downloads/Intern/mini-api/src/creators/creators.controller.ts": {"path":"/Users/psubedi/Downloads/Intern/mini-api/src/creators/creators.controller.ts","statementMap":{"0":{"start":{"line":1,"column":0},"end":{"line":1,"column":56}},"1":{"start":{"line":2,"column":0},"end":{"line":2,"column":53}},"2":{"start":{"line":3,"column":0},"end":{"line":3,"column":40}},"3":{"start":{"line":4,"column":0},"end":{"line":4,"column":54}},"4":{"start":{"line":7,"column":7},"end":{"line":29,"column":null}},"5":{"start":{"line":9,"column":12},"end":{"line":9,"column":29}},"6":{"start":{"line":10,"column":35},"end":{"line":10,"column":47}},"7":{"start":{"line":14,"column":21},"end":{"line":14,"column":44}},"8":{"start":{"line":16,"column":19},"end":{"line":16,"column":49}},"9":{"start":{"line":17,"column":4},"end":{"line":17,"column":54}},"10":{"start":{"line":17,"column":16},"end":{"line":17,"column":54}},"11":{"start":{"line":19,"column":17},"end":{"line":19,"column":68}},"12":{"start":{"line":21,"column":4},"end":{"line":21,"column":49}},"13":{"start":{"line":23,"column":4},"end":{"line":23,"column":35}},"14":{"start":{"line":27,"column":4},"end":{"line":27,"column":44}},"15":{"start":{"line":7,"column":13},"end":{"line":7,"column":31}},"16":{"start":{"line":13,"column":8},"end":{"line":24,"column":null}},"17":{"start":{"line":26,"column":2},"end":{"line":28,"column":null}},"18":{"start":{"line":7,"column":13},"end":{"line":29,"column":null}}},"fnMap":{"0":{"name":"(anonymous_4)","decl":{"start":{"line":8,"column":2},"end":{"line":8,"column":null}},"loc":{"start":{"line":10,"column":47},"end":{"line":11,"column":6}}},"1":{"name":"(anonymous_5)","decl":{"start":{"line":13,"column":2},"end":{"line":13,"column":7}},"loc":{"start":{"line":13,"column":49},"end":{"line":24,"column":3}}},"2":{"name":"(anonymous_6)","decl":{"start":{"line":26,"column":2},"end":{"line":26,"column":8}},"loc":{"start":{"line":26,"column":8},"end":{"line":28,"column":3}}}},"branchMap":{"0":{"loc":{"start":{"line":17,"column":4},"end":{"line":17,"column":54}},"type":"if","locations":[{"start":{"line":17,"column":4},"end":{"line":17,"column":54}}]}},"s":{"0":1,"1":1,"2":1,"3":1,"4":1,"5":3,"6":3,"7":2,"8":2,"9":2,"10":1,"11":1,"12":1,"13":1,"14":1,"15":1,"16":1,"17":1,"18":1},"f":{"0":3,"1":2,"2":1},"b":{"0":[1]}}
,"/Users/psubedi/Downloads/Intern/mini-api/src/creators/creators.service.ts": {"path":"/Users/psubedi/Downloads/Intern/mini-api/src/creators/creators.service.ts","statementMap":{"0":{"start":{"line":1,"column":0},"end":{"line":1,"column":52}},"1":{"start":{"line":2,"column":0},"end":{"line":2,"column":47}},"2":{"start":{"line":3,"column":0},"end":{"line":3,"column":33}},"3":{"start":{"line":4,"column":0},"end":{"line":4,"column":54}},"4":{"start":{"line":8,"column":7},"end":{"line":21,"column":null}},"5":{"start":{"line":10,"column":36},"end":{"line":10,"column":49}},"6":{"start":{"line":11,"column":35},"end":{"line":11,"column":47}},"7":{"start":{"line":15,"column":4},"end":{"line":15,"column":66}},"8":{"start":{"line":19,"column":4},"end":{"line":19,"column":50}},"9":{"start":{"line":8,"column":13},"end":{"line":8,"column":28}},"10":{"start":{"line":8,"column":13},"end":{"line":21,"column":null}}},"fnMap":{"0":{"name":"(anonymous_4)","decl":{"start":{"line":9,"column":2},"end":{"line":9,"column":null}},"loc":{"start":{"line":11,"column":47},"end":{"line":12,"column":6}}},"1":{"name":"(anonymous_5)","decl":{"start":{"line":14,"column":2},"end":{"line":14,"column":7}},"loc":{"start":{"line":14,"column":39},"end":{"line":16,"column":3}}},"2":{"name":"(anonymous_6)","decl":{"start":{"line":18,"column":2},"end":{"line":18,"column":7}},"loc":{"start":{"line":18,"column":36},"end":{"line":20,"column":3}}}},"branchMap":{},"s":{"0":2,"1":2,"2":2,"3":2,"4":2,"5":4,"6":4,"7":2,"8":1,"9":2,"10":2},"f":{"0":4,"1":2,"2":1},"b":{}}
,"/Users/psubedi/Downloads/Intern/mini-api/src/ingest/ingest.controller.ts": {"path":"/Users/psubedi/Downloads/Intern/mini-api/src/ingest/ingest.controller.ts","statementMap":{"0":{"start":{"line":1,"column":0},"end":{"line":1,"column":55}},"1":{"start":{"line":2,"column":0},"end":{"line":2,"column":49}},"2":{"start":{"line":5,"column":7},"end":{"line":20,"column":null}},"3":{"start":{"line":6,"column":31},"end":{"line":6,"column":46}},"4":{"start":{"line":10,"column":4},"end":{"line":10,"column":42}},"5":{"start":{"line":14,"column":4},"end":{"line":14,"column":42}},"6":{"start":{"line":18,"column":4},"end":{"line":18,"column":42}},"7":{"start":{"line":5,"column":13},"end":{"line":5,"column":29}},"8":{"start":{"line":9,"column":8},"end":{"line":11,"column":null}},"9":{"start":{"line":13,"column":2},"end":{"line":15,"column":null}},"10":{"start":{"line":17,"column":8},"end":{"line":19,"column":null}},"11":{"start":{"line":5,"column":13},"end":{"line":20,"column":null}}},"fnMap":{"0":{"name":"(anonymous_2)","decl":{"start":{"line":6,"column":2},"end":{"line":6,"column":31}},"loc":{"start":{"line":6,"column":59},"end":{"line":6,"column":63}}},"1":{"name":"(anonymous_3)","decl":{"start":{"line":9,"column":2},"end":{"line":9,"column":7}},"loc":{"start":{"line":9,"column":17},"end":{"line":11,"column":3}}},"2":{"name":"(anonymous_4)","decl":{"start":{"line":13,"column":2},"end":{"line":13,"column":8}},"loc":{"start":{"line":13,"column":8},"end":{"line":15,"column":3}}},"3":{"name":"(anonymous_5)","decl":{"start":{"line":17,"column":2},"end":{"line":17,"column":7}},"loc":{"start":{"line":17,"column":21},"end":{"line":19,"column":3}}}},"branchMap":{},"s":{"0":1,"1":1,"2":1,"3":4,"4":1,"5":1,"6":1,"7":1,"8":1,"9":1,"10":1,"11":1},"f":{"0":4,"1":1,"2":1,"3":1},"b":{}}
,"/Users/psubedi/Downloads/Intern/mini-api/src/ingest/ingest.service.ts": {"path":"/Users/psubedi/Downloads/Intern/mini-api/src/ingest/ingest.service.ts","statementMap":{"0":{"start":{"line":1,"column":0},"end":{"line":1,"column":44}},"1":{"start":{"line":2,"column":0},"end":{"line":2,"column":43}},"2":{"start":{"line":3,"column":0},"end":{"line":3,"column":59}},"3":{"start":{"line":4,"column":0},"end":{"line":4,"column":61}},"4":{"start":{"line":8,"column":7},"end":{"line":41,"column":null}},"5":{"start":{"line":9,"column":19},"end":{"line":9,"column":38}},"6":{"start":{"line":10,"column":20},"end":{"line":10,"column":40}},"7":{"start":{"line":14,"column":12},"end":{"line":14,"column":30}},"8":{"start":{"line":18,"column":26},"end":{"line":18,"column":58}},"9":{"start":{"line":19,"column":27},"end":{"line":19,"column":60}},"10":{"start":{"line":21,"column":4},"end":{"line":28,"column":6}},"11":{"start":{"line":30,"column":4},"end":{"line":37,"column":6}},"12":{"start":{"line":39,"column":4},"end":{"line":39,"column":24}},"13":{"start":{"line":8,"column":13},"end":{"line":8,"column":26}},"14":{"start":{"line":8,"column":13},"end":{"line":41,"column":null}}},"fnMap":{"0":{"name":"(anonymous_4)","decl":{"start":{"line":12,"column":2},"end":{"line":12,"column":null}},"loc":{"start":{"line":14,"column":30},"end":{"line":15,"column":6}}},"1":{"name":"(anonymous_5)","decl":{"start":{"line":17,"column":2},"end":{"line":17,"column":7}},"loc":{"start":{"line":17,"column":17},"end":{"line":40,"column":3}}}},"branchMap":{},"s":{"0":2,"1":2,"2":2,"3":2,"4":2,"5":2,"6":2,"7":2,"8":1,"9":1,"10":1,"11":1,"12":1,"13":2,"14":2},"f":{"0":2,"1":1},"b":{}}
,"/Users/psubedi/Downloads/Intern/mini-api/src/realtime/provider.service.ts": {"path":"/Users/psubedi/Downloads/Intern/mini-api/src/realtime/provider.service.ts","statementMap":{"0":{"start":{"line":1,"column":0},"end":{"line":1,"column":44}},"1":{"start":{"line":3,"column":0},"end":{"line":3,"column":26}},"2":{"start":{"line":4,"column":0},"end":{"line":4,"column":37}},"3":{"start":{"line":7,"column":7},"end":{"line":42,"column":null}},"4":{"start":{"line":11,"column":20},"end":{"line":15,"column":5}},"5":{"start":{"line":13,"column":18},"end":{"line":13,"column":66}},"6":{"start":{"line":14,"column":6},"end":{"line":14,"column":22}},"7":{"start":{"line":17,"column":4},"end":{"line":21,"column":7}},"8":{"start":{"line":22,"column":4},"end":{"line":24,"column":7}},"9":{"start":{"line":23,"column":6},"end":{"line":23,"column":35}},"10":{"start":{"line":26,"column":4},"end":{"line":28,"column":7}},"11":{"start":{"line":27,"column":6},"end":{"line":27,"column":40}},"12":{"start":{"line":30,"column":4},"end":{"line":32,"column":7}},"13":{"start":{"line":31,"column":6},"end":{"line":31,"column":37}},"14":{"start":{"line":36,"column":4},"end":{"line":40,"column":5}},"15":{"start":{"line":37,"column":6},"end":{"line":37,"column":39}},"16":{"start":{"line":39,"column":6},"end":{"line":39,"column":59}},"17":{"start":{"line":7,"column":13},"end":{"line":7,"column":28}},"18":{"start":{"line":7,"column":13},"end":{"line":42,"column":null}}},"fnMap":{"0":{"name":"(anonymous_3)","decl":{"start":{"line":10,"column":2},"end":{"line":10,"column":null}},"loc":{"start":{"line":10,"column":2},"end":{"line":33,"column":3}}},"1":{"name":"(anonymous_4)","decl":{"start":{"line":11,"column":20},"end":{"line":11,"column":25}},"loc":{"start":{"line":11,"column":31},"end":{"line":15,"column":5}}},"2":{"name":"(anonymous_5)","decl":{"start":{"line":22,"column":28},"end":{"line":22,"column":31}},"loc":{"start":{"line":22,"column":33},"end":{"line":24,"column":5}}},"3":{"name":"(anonymous_6)","decl":{"start":{"line":26,"column":32},"end":{"line":26,"column":35}},"loc":{"start":{"line":26,"column":37},"end":{"line":28,"column":5}}},"4":{"name":"(anonymous_7)","decl":{"start":{"line":30,"column":29},"end":{"line":30,"column":32}},"loc":{"start":{"line":30,"column":34},"end":{"line":32,"column":5}}},"5":{"name":"(anonymous_8)","decl":{"start":{"line":35,"column":2},"end":{"line":35,"column":7}},"loc":{"start":{"line":35,"column":19},"end":{"line":41,"column":3}}}},"branchMap":{},"s":{"0":2,"1":2,"2":2,"3":2,"4":5,"5":0,"6":0,"7":5,"8":5,"9":0,"10":5,"11":0,"12":5,"13":0,"14":2,"15":2,"16":1,"17":2,"18":2},"f":{"0":5,"1":0,"2":0,"3":0,"4":0,"5":2},"b":{}}
,"/Users/psubedi/Downloads/Intern/mini-api/src/realtime/realtime.controller.ts": {"path":"/Users/psubedi/Downloads/Intern/mini-api/src/realtime/realtime.controller.ts","statementMap":{"0":{"start":{"line":1,"column":0},"end":{"line":1,"column":79}},"1":{"start":{"line":2,"column":0},"end":{"line":2,"column":53}},"2":{"start":{"line":3,"column":0},"end":{"line":3,"column":61}},"3":{"start":{"line":4,"column":0},"end":{"line":4,"column":59}},"4":{"start":{"line":5,"column":0},"end":{"line":5,"column":53}},"5":{"start":{"line":9,"column":7},"end":{"line":69,"column":null}},"6":{"start":{"line":10,"column":20},"end":{"line":17,"column":4}},"7":{"start":{"line":19,"column":21},"end":{"line":19,"column":38}},"8":{"start":{"line":20,"column":21},"end":{"line":20,"column":31}},"9":{"start":{"line":28,"column":4},"end":{"line":33,"column":6}},"10":{"start":{"line":30,"column":21},"end":{"line":30,"column":54}},"11":{"start":{"line":31,"column":8},"end":{"line":31,"column":24}},"12":{"start":{"line":40,"column":4},"end":{"line":43,"column":7}},"13":{"start":{"line":41,"column":6},"end":{"line":41,"column":46}},"14":{"start":{"line":42,"column":6},"end":{"line":42,"column":28}},"15":{"start":{"line":47,"column":4},"end":{"line":54,"column":6}},"16":{"start":{"line":48,"column":17},"end":{"line":53,"column":8}},"17":{"start":{"line":59,"column":4},"end":{"line":62,"column":6}},"18":{"start":{"line":67,"column":4},"end":{"line":67,"column":51}},"19":{"start":{"line":9,"column":13},"end":{"line":9,"column":31}},"20":{"start":{"line":27,"column":2},"end":{"line":34,"column":null}},"21":{"start":{"line":39,"column":2},"end":{"line":44,"column":null}},"22":{"start":{"line":46,"column":2},"end":{"line":55,"column":null}},"23":{"start":{"line":58,"column":2},"end":{"line":63,"column":null}},"24":{"start":{"line":9,"column":13},"end":{"line":69,"column":null}}},"fnMap":{"0":{"name":"(anonymous_2)","decl":{"start":{"line":18,"column":2},"end":{"line":18,"column":null}},"loc":{"start":{"line":20,"column":46},"end":{"line":21,"column":6}}},"1":{"name":"(anonymous_3)","decl":{"start":{"line":27,"column":2},"end":{"line":27,"column":12}},"loc":{"start":{"line":27,"column":12},"end":{"line":34,"column":3}}},"2":{"name":"(anonymous_4)","decl":{"start":{"line":29,"column":15},"end":{"line":29,"column":20}},"loc":{"start":{"line":29,"column":26},"end":{"line":32,"column":7}}},"3":{"name":"(anonymous_5)","decl":{"start":{"line":39,"column":2},"end":{"line":39,"column":8}},"loc":{"start":{"line":39,"column":8},"end":{"line":44,"column":3}}},"4":{"name":"(anonymous_6)","decl":{"start":{"line":40,"column":40},"end":{"line":40,"column":41}},"loc":{"start":{"line":40,"column":55},"end":{"line":43,"column":5}}},"5":{"name":"(anonymous_7)","decl":{"start":{"line":46,"column":2},"end":{"line":46,"column":12}},"loc":{"start":{"line":46,"column":12},"end":{"line":55,"column":3}}},"6":{"name":"(anonymous_8)","decl":{"start":{"line":48,"column":10},"end":{"line":48,"column":13}},"loc":{"start":{"line":48,"column":17},"end":{"line":53,"column":8}}},"7":{"name":"(anonymous_9)","decl":{"start":{"line":58,"column":2},"end":{"line":58,"column":16}},"loc":{"start":{"line":58,"column":16},"end":{"line":63,"column":3}}},"8":{"name":"(anonymous_10)","decl":{"start":{"line":66,"column":2},"end":{"line":66,"column":15}},"loc":{"start":{"line":66,"column":53},"end":{"line":68,"column":3}}}},"branchMap":{},"s":{"0":1,"1":1,"2":1,"3":1,"4":1,"5":1,"6":5,"7":5,"8":5,"9":1,"10":1,"11":1,"12":1,"13":1,"14":1,"15":1,"16":1,"17":2,"18":1,"19":1,"20":1,"21":1,"22":1,"23":1,"24":1},"f":{"0":5,"1":1,"2":1,"3":1,"4":1,"5":1,"6":1,"7":2,"8":1},"b":{}}
,"/Users/psubedi/Downloads/Intern/mini-api/src/realtime/realtime.service.ts": {"path":"/Users/psubedi/Downloads/Intern/mini-api/src/realtime/realtime.service.ts","statementMap":{"0":{"start":{"line":101,"column":0},"end":{"line":101,"column":61}},"1":{"start":{"line":102,"column":0},"end":{"line":102,"column":34}},"2":{"start":{"line":103,"column":0},"end":{"line":103,"column":60}},"3":{"start":{"line":106,"column":7},"end":{"line":217,"column":null}},"4":{"start":{"line":107,"column":25},"end":{"line":107,"column":26}},"5":{"start":{"line":108,"column":35},"end":{"line":108,"column":36}},"6":{"start":{"line":109,"column":24},"end":{"line":109,"column":29}},"7":{"start":{"line":111,"column":35},"end":{"line":111,"column":40}},"8":{"start":{"line":112,"column":46},"end":{"line":112,"column":50}},"9":{"start":{"line":115,"column":30},"end":{"line":115,"column":44}},"10":{"start":{"line":117,"column":22},"end":{"line":117,"column":31}},"11":{"start":{"line":120,"column":4},"end":{"line":120,"column":55}},"12":{"start":{"line":120,"column":25},"end":{"line":120,"column":55}},"13":{"start":{"line":121,"column":4},"end":{"line":123,"column":6}},"14":{"start":{"line":124,"column":4},"end":{"line":124,"column":35}},"15":{"start":{"line":128,"column":4},"end":{"line":128,"column":34}},"16":{"start":{"line":128,"column":27},"end":{"line":128,"column":34}},"17":{"start":{"line":130,"column":4},"end":{"line":130,"column":55}},"18":{"start":{"line":130,"column":25},"end":{"line":130,"column":55}},"19":{"start":{"line":132,"column":4},"end":{"line":136,"column":27}},"20":{"start":{"line":133,"column":6},"end":{"line":133,"column":31}},"21":{"start":{"line":134,"column":6},"end":{"line":134,"column":28}},"22":{"start":{"line":135,"column":6},"end":{"line":135,"column":53}},"23":{"start":{"line":143,"column":4},"end":{"line":147,"column":6}},"24":{"start":{"line":151,"column":4},"end":{"line":155,"column":6}},"25":{"start":{"line":163,"column":4},"end":{"line":163,"column":56}},"26":{"start":{"line":165,"column":4},"end":{"line":215,"column":7}},"27":{"start":{"line":167,"column":22},"end":{"line":168,"column":null}},"28":{"start":{"line":168,"column":15},"end":{"line":168,"column":64}},"29":{"start":{"line":170,"column":6},"end":{"line":170,"column":58}},"30":{"start":{"line":170,"column":19},"end":{"line":170,"column":58}},"31":{"start":{"line":172,"column":6},"end":{"line":172,"column":45}},"32":{"start":{"line":174,"column":20},"end":{"line":206,"column":20}},"33":{"start":{"line":176,"column":8},"end":{"line":186,"column":9}},"34":{"start":{"line":177,"column":10},"end":{"line":177,"column":39}},"35":{"start":{"line":178,"column":10},"end":{"line":184,"column":13}},"36":{"start":{"line":185,"column":10},"end":{"line":185,"column":17}},"37":{"start":{"line":188,"column":8},"end":{"line":205,"column":9}},"38":{"start":{"line":189,"column":23},"end":{"line":189,"column":51}},"39":{"start":{"line":190,"column":10},"end":{"line":190,"column":32}},"40":{"start":{"line":192,"column":10},"end":{"line":194,"column":13}},"41":{"start":{"line":196,"column":10},"end":{"line":196,"column":30}},"42":{"start":{"line":198,"column":10},"end":{"line":200,"column":11}},"43":{"start":{"line":199,"column":12},"end":{"line":199,"column":36}},"44":{"start":{"line":202,"column":10},"end":{"line":204,"column":13}},"45":{"start":{"line":208,"column":6},"end":{"line":214,"column":8}},"46":{"start":{"line":209,"column":8},"end":{"line":209,"column":29}},"47":{"start":{"line":210,"column":8},"end":{"line":210,"column":50}},"48":{"start":{"line":211,"column":8},"end":{"line":213,"column":10}},"49":{"start":{"line":106,"column":13},"end":{"line":106,"column":28}},"50":{"start":{"line":106,"column":13},"end":{"line":217,"column":null}}},"fnMap":{"0":{"name":"(anonymous_2)","decl":{"start":{"line":117,"column":2},"end":{"line":117,"column":22}},"loc":{"start":{"line":117,"column":45},"end":{"line":117,"column":49}}},"1":{"name":"(anonymous_3)","decl":{"start":{"line":119,"column":2},"end":{"line":119,"column":17}},"loc":{"start":{"line":119,"column":17},"end":{"line":125,"column":3}}},"2":{"name":"(anonymous_4)","decl":{"start":{"line":127,"column":10},"end":{"line":127,"column":15}},"loc":{"start":{"line":127,"column":31},"end":{"line":137,"column":3}}},"3":{"name":"(anonymous_5)","decl":{"start":{"line":132,"column":33},"end":{"line":132,"column":36}},"loc":{"start":{"line":132,"column":38},"end":{"line":136,"column":5}}},"4":{"name":"(anonymous_6)","decl":{"start":{"line":142,"column":2},"end":{"line":142,"column":20}},"loc":{"start":{"line":142,"column":20},"end":{"line":148,"column":3}}},"5":{"name":"(anonymous_7)","decl":{"start":{"line":150,"column":2},"end":{"line":150,"column":18}},"loc":{"start":{"line":150,"column":18},"end":{"line":156,"column":3}}},"6":{"name":"(anonymous_8)","decl":{"start":{"line":161,"column":2},"end":{"line":161,"column":14}},"loc":{"start":{"line":161,"column":32},"end":{"line":216,"column":3}}},"7":{"name":"(anonymous_9)","decl":{"start":{"line":165,"column":26},"end":{"line":165,"column":27}},"loc":{"start":{"line":165,"column":41},"end":{"line":215,"column":5}}},"8":{"name":"(anonymous_10)","decl":{"start":{"line":168,"column":8},"end":{"line":168,"column":9}},"loc":{"start":{"line":168,"column":15},"end":{"line":168,"column":64}}},"9":{"name":"(anonymous_11)","decl":{"start":{"line":174,"column":32},"end":{"line":174,"column":37}},"loc":{"start":{"line":174,"column":43},"end":{"line":206,"column":7}}},"10":{"name":"(anonymous_12)","decl":{"start":{"line":208,"column":13},"end":{"line":208,"column":16}},"loc":{"start":{"line":208,"column":18},"end":{"line":214,"column":7}}}},"branchMap":{"0":{"loc":{"start":{"line":120,"column":4},"end":{"line":120,"column":55}},"type":"if","locations":[{"start":{"line":120,"column":4},"end":{"line":120,"column":55}}]},"1":{"loc":{"start":{"line":128,"column":4},"end":{"line":128,"column":34}},"type":"if","locations":[{"start":{"line":128,"column":4},"end":{"line":128,"column":34}}]},"2":{"loc":{"start":{"line":130,"column":4},"end":{"line":130,"column":55}},"type":"if","locations":[{"start":{"line":130,"column":4},"end":{"line":130,"column":55}}]},"3":{"loc":{"start":{"line":161,"column":15},"end":{"line":161,"column":32}},"type":"default-arg","locations":[{"start":{"line":161,"column":28},"end":{"line":161,"column":32}}]},"4":{"loc":{"start":{"line":168,"column":15},"end":{"line":168,"column":64}},"type":"binary-expr","locations":[{"start":{"line":168,"column":15},"end":{"line":168,"column":36}},{"start":{"line":168,"column":40},"end":{"line":168,"column":64}}]},"5":{"loc":{"start":{"line":170,"column":6},"end":{"line":170,"column":58}},"type":"if","locations":[{"start":{"line":170,"column":6},"end":{"line":170,"column":58}}]},"6":{"loc":{"start":{"line":176,"column":8},"end":{"line":186,"column":9}},"type":"if","locations":[{"start":{"line":176,"column":8},"end":{"line":186,"column":9}}]},"7":{"loc":{"start":{"line":198,"column":10},"end":{"line":200,"column":11}},"type":"if","locations":[{"start":{"line":198,"column":10},"end":{"line":200,"column":11}}]}},"s":{"0":2,"1":2,"2":2,"3":2,"4":8,"5":8,"6":8,"7":8,"8":8,"9":8,"10":8,"11":1,"12":0,"13":1,"14":1,"15":3,"16":0,"17":3,"18":1,"19":3,"20":0,"21":0,"22":0,"23":5,"24":4,"25":9,"26":9,"27":9,"28":10,"29":9,"30":9,"31":9,"32":9,"33":18,"34":3,"35":3,"36":3,"37":15,"38":15,"39":3,"40":3,"41":12,"42":12,"43":2,"44":12,"45":9,"46":9,"47":9,"48":9,"49":2,"50":2},"f":{"0":8,"1":1,"2":3,"3":0,"4":5,"5":4,"6":9,"7":9,"8":10,"9":18,"10":9},"b":{"0":[0],"1":[0],"2":[1],"3":[0],"4":[10,9],"5":[9],"6":[3],"7":[2]}}
,"/Users/psubedi/Downloads/Intern/mini-api/src/shutdown/shutdown.service.ts": {"path":"/Users/psubedi/Downloads/Intern/mini-api/src/shutdown/shutdown.service.ts","statementMap":{"0":{"start":{"line":1,"column":0},"end":{"line":1,"column":null}},"1":{"start":{"line":8,"column":7},"end":{"line":19,"column":null}},"2":{"start":{"line":10,"column":4},"end":{"line":10,"column":46}},"3":{"start":{"line":14,"column":4},"end":{"line":14,"column":63}},"4":{"start":{"line":17,"column":4},"end":{"line":17,"column":26}},"5":{"start":{"line":8,"column":13},"end":{"line":8,"column":28}},"6":{"start":{"line":8,"column":13},"end":{"line":19,"column":null}}},"fnMap":{"0":{"name":"(anonymous_1)","decl":{"start":{"line":9,"column":2},"end":{"line":9,"column":7}},"loc":{"start":{"line":9,"column":23},"end":{"line":11,"column":3}}},"1":{"name":"(anonymous_2)","decl":{"start":{"line":13,"column":2},"end":{"line":13,"column":7}},"loc":{"start":{"line":13,"column":45},"end":{"line":15,"column":3}}},"2":{"name":"(anonymous_3)","decl":{"start":{"line":16,"column":2},"end":{"line":16,"column":10}},"loc":{"start":{"line":16,"column":10},"end":{"line":18,"column":3}}}},"branchMap":{},"s":{"0":0,"1":0,"2":0,"3":0,"4":0,"5":0,"6":0},"f":{"0":0,"1":0,"2":0},"b":{}}
,"/Users/psubedi/Downloads/Intern/mini-api/src/streams/streams.controller.ts": {"path":"/Users/psubedi/Downloads/Intern/mini-api/src/streams/streams.controller.ts","statementMap":{"0":{"start":{"line":1,"column":0},"end":{"line":1,"column":76}},"1":{"start":{"line":2,"column":0},"end":{"line":2,"column":51}},"2":{"start":{"line":4,"column":0},"end":{"line":4,"column":54}},"3":{"start":{"line":5,"column":0},"end":{"line":5,"column":46}},"4":{"start":{"line":7,"column":7},"end":{"line":36,"column":null}},"5":{"start":{"line":9,"column":21},"end":{"line":9,"column":37}},"6":{"start":{"line":10,"column":35},"end":{"line":10,"column":49}},"7":{"start":{"line":29,"column":17},"end":{"line":29,"column":53}},"8":{"start":{"line":30,"column":4},"end":{"line":30,"column":20}},"9":{"start":{"line":34,"column":4},"end":{"line":34,"column":50}},"10":{"start":{"line":7,"column":13},"end":{"line":7,"column":30}},"11":{"start":{"line":28,"column":8},"end":{"line":31,"column":null}},"12":{"start":{"line":33,"column":8},"end":{"line":35,"column":null}},"13":{"start":{"line":7,"column":13},"end":{"line":36,"column":null}}},"fnMap":{"0":{"name":"(anonymous_4)","decl":{"start":{"line":8,"column":2},"end":{"line":8,"column":null}},"loc":{"start":{"line":10,"column":54},"end":{"line":11,"column":6}}},"1":{"name":"(anonymous_5)","decl":{"start":{"line":28,"column":2},"end":{"line":28,"column":7}},"loc":{"start":{"line":28,"column":41},"end":{"line":31,"column":3}}},"2":{"name":"(anonymous_6)","decl":{"start":{"line":33,"column":2},"end":{"line":33,"column":7}},"loc":{"start":{"line":33,"column":38},"end":{"line":35,"column":3}}}},"branchMap":{},"s":{"0":1,"1":1,"2":1,"3":1,"4":1,"5":4,"6":4,"7":3,"8":2,"9":1,"10":1,"11":1,"12":1,"13":1},"f":{"0":4,"1":3,"2":1},"b":{}}
,"/Users/psubedi/Downloads/Intern/mini-api/src/streams/streams.service.ts": {"path":"/Users/psubedi/Downloads/Intern/mini-api/src/streams/streams.service.ts","statementMap":{"0":{"start":{"line":1,"column":0},"end":{"line":1,"column":52}},"1":{"start":{"line":2,"column":0},"end":{"line":2,"column":47}},"2":{"start":{"line":3,"column":0},"end":{"line":3,"column":42}},"3":{"start":{"line":4,"column":0},"end":{"line":4,"column":33}},"4":{"start":{"line":5,"column":0},"end":{"line":5,"column":54}},"5":{"start":{"line":7,"column":0},"end":{"line":7,"column":66}},"6":{"start":{"line":9,"column":7},"end":{"line":51,"column":null}},"7":{"start":{"line":11,"column":38},"end":{"line":11,"column":51}},"8":{"start":{"line":12,"column":35},"end":{"line":12,"column":47}},"9":{"start":{"line":13,"column":12},"end":{"line":13,"column":30}},"10":{"start":{"line":18,"column":21},"end":{"line":18,"column":57}},"11":{"start":{"line":21,"column":19},"end":{"line":21,"column":49}},"12":{"start":{"line":22,"column":4},"end":{"line":22,"column":30}},"13":{"start":{"line":22,"column":16},"end":{"line":22,"column":30}},"14":{"start":{"line":25,"column":19},"end":{"line":25,"column":67}},"15":{"start":{"line":26,"column":20},"end":{"line":26,"column":69}},"16":{"start":{"line":29,"column":4},"end":{"line":29,"column":52}},"17":{"start":{"line":31,"column":4},"end":{"line":31,"column":19}},"18":{"start":{"line":36,"column":20},"end":{"line":39,"column":null}},"19":{"start":{"line":43,"column":4},"end":{"line":43,"column":40}},"20":{"start":{"line":45,"column":4},"end":{"line":47,"column":5}},"21":{"start":{"line":46,"column":6},"end":{"line":46,"column":64}},"22":{"start":{"line":48,"column":4},"end":{"line":48,"column":45}},"23":{"start":{"line":49,"column":4},"end":{"line":49,"column":19}},"24":{"start":{"line":9,"column":13},"end":{"line":9,"column":27}},"25":{"start":{"line":9,"column":13},"end":{"line":51,"column":null}}},"fnMap":{"0":{"name":"(anonymous_4)","decl":{"start":{"line":10,"column":2},"end":{"line":10,"column":null}},"loc":{"start":{"line":13,"column":46},"end":{"line":14,"column":6}}},"1":{"name":"(anonymous_5)","decl":{"start":{"line":17,"column":2},"end":{"line":17,"column":7}},"loc":{"start":{"line":17,"column":26},"end":{"line":32,"column":3}}},"2":{"name":"(anonymous_6)","decl":{"start":{"line":35,"column":2},"end":{"line":35,"column":7}},"loc":{"start":{"line":35,"column":30},"end":{"line":50,"column":3}}}},"branchMap":{"0":{"loc":{"start":{"line":18,"column":21},"end":{"line":18,"column":57}},"type":"cond-expr","locations":[{"start":{"line":18,"column":25},"end":{"line":18,"column":41}},{"start":{"line":18,"column":44},"end":{"line":18,"column":57}}]},"1":{"loc":{"start":{"line":22,"column":4},"end":{"line":22,"column":30}},"type":"if","locations":[{"start":{"line":22,"column":4},"end":{"line":22,"column":30}}]},"2":{"loc":{"start":{"line":25,"column":19},"end":{"line":25,"column":67}},"type":"cond-expr","locations":[{"start":{"line":25,"column":23},"end":{"line":25,"column":62}},{"start":{"line":25,"column":65},"end":{"line":25,"column":67}}]},"3":{"loc":{"start":{"line":45,"column":4},"end":{"line":47,"column":5}},"type":"if","locations":[{"start":{"line":45,"column":4},"end":{"line":47,"column":5}}]}},"s":{"0":4,"1":4,"2":4,"3":4,"4":4,"5":4,"6":4,"7":7,"8":7,"9":7,"10":4,"11":4,"12":4,"13":2,"14":2,"15":2,"16":2,"17":2,"18":3,"19":3,"20":3,"21":1,"22":3,"23":3,"24":4,"25":4},"f":{"0":7,"1":4,"2":3},"b":{"0":[2,2],"1":[2],"2":[1,1],"3":[1]}}
}
