TN:
SF:src/app.controller.ts
FN:6,(anonymous_2)
FN:9,(anonymous_3)
FNF:2
FNH:2
FNDA:1,(anonymous_2)
FNDA:1,(anonymous_3)
DA:1,1
DA:2,1
DA:5,1
DA:6,1
DA:9,1
DA:10,1
LF:6
LH:6
BRF:0
BRH:0
end_of_record
TN:
SF:src/app.service.ts
FN:5,(anonymous_1)
FNF:1
FNH:1
FNDA:1,(anonymous_1)
DA:1,1
DA:4,1
DA:6,1
LF:3
LH:3
BRF:0
BRH:0
end_of_record
TN:
SF:src/analytics/analytics.controller.ts
FN:6,(anonymous_2)
FN:9,(anonymous_3)
FN:14,(anonymous_4)
FNF:3
FNH:3
FNDA:3,(anonymous_2)
FNDA:1,(anonymous_3)
FNDA:1,(anonymous_4)
DA:1,1
DA:2,1
DA:5,1
DA:6,3
DA:9,1
DA:10,1
DA:14,1
DA:15,1
LF:8
LH:8
BRF:0
BRH:0
end_of_record
TN:
SF:src/analytics/analytics.service.ts
FN:10,(anonymous_4)
FN:15,(anonymous_5)
FN:41,(anonymous_6)
FNF:3
FNH:3
FNDA:4,(anonymous_4)
FNDA:2,(anonymous_5)
FNDA:1,(anonymous_6)
DA:1,6
DA:2,6
DA:3,6
DA:4,6
DA:6,6
DA:9,6
DA:11,4
DA:12,4
DA:16,2
DA:19,2
DA:20,2
DA:21,1
DA:25,1
DA:26,1
DA:32,1
DA:35,1
DA:37,1
DA:42,1
LF:18
LH:18
BRDA:20,0,0,1
BRF:1
BRH:1
end_of_record
TN:
SF:src/creators/creators.controller.ts
FN:8,(anonymous_4)
FN:13,(anonymous_5)
FN:26,(anonymous_6)
FNF:3
FNH:3
FNDA:3,(anonymous_4)
FNDA:2,(anonymous_5)
FNDA:1,(anonymous_6)
DA:1,1
DA:2,1
DA:3,1
DA:4,1
DA:7,1
DA:9,3
DA:10,3
DA:13,1
DA:14,2
DA:16,2
DA:17,2
DA:19,1
DA:21,1
DA:23,1
DA:26,1
DA:27,1
LF:16
LH:16
BRDA:17,0,0,1
BRF:1
BRH:1
end_of_record
TN:
SF:src/creators/creators.service.ts
FN:9,(anonymous_4)
FN:14,(anonymous_5)
FN:18,(anonymous_6)
FNF:3
FNH:3
FNDA:4,(anonymous_4)
FNDA:2,(anonymous_5)
FNDA:1,(anonymous_6)
DA:1,2
DA:2,2
DA:3,2
DA:4,2
DA:8,2
DA:10,4
DA:11,4
DA:15,2
DA:19,1
LF:9
LH:9
BRF:0
BRH:0
end_of_record
TN:
SF:src/ingest/ingest.controller.ts
FN:6,(anonymous_2)
FN:9,(anonymous_3)
FN:13,(anonymous_4)
FN:17,(anonymous_5)
FNF:4
FNH:4
FNDA:4,(anonymous_2)
FNDA:1,(anonymous_3)
FNDA:1,(anonymous_4)
FNDA:1,(anonymous_5)
DA:1,1
DA:2,1
DA:5,1
DA:6,4
DA:9,1
DA:10,1
DA:13,1
DA:14,1
DA:17,1
DA:18,1
LF:10
LH:10
BRF:0
BRH:0
end_of_record
TN:
SF:src/ingest/ingest.service.ts
FN:12,(anonymous_4)
FN:17,(anonymous_5)
FNF:2
FNH:2
FNDA:2,(anonymous_4)
FNDA:1,(anonymous_5)
DA:1,2
DA:2,2
DA:3,2
DA:4,2
DA:8,2
DA:9,2
DA:10,2
DA:14,2
DA:18,1
DA:19,1
DA:21,1
DA:30,1
DA:39,1
LF:13
LH:13
BRF:0
BRH:0
end_of_record
TN:
SF:src/realtime/provider.service.ts
FN:10,(anonymous_3)
FN:11,(anonymous_4)
FN:22,(anonymous_5)
FN:26,(anonymous_6)
FN:30,(anonymous_7)
FN:35,(anonymous_8)
FNF:6
FNH:2
FNDA:5,(anonymous_3)
FNDA:0,(anonymous_4)
FNDA:0,(anonymous_5)
FNDA:0,(anonymous_6)
FNDA:0,(anonymous_7)
FNDA:2,(anonymous_8)
DA:1,2
DA:3,2
DA:4,2
DA:7,2
DA:11,5
DA:13,0
DA:14,0
DA:17,5
DA:22,5
DA:23,0
DA:26,5
DA:27,0
DA:30,5
DA:31,0
DA:36,2
DA:37,2
DA:39,1
LF:17
LH:12
BRF:0
BRH:0
end_of_record
TN:
SF:src/realtime/realtime.controller.ts
FN:18,(anonymous_2)
FN:27,(anonymous_3)
FN:29,(anonymous_4)
FN:39,(anonymous_5)
FN:40,(anonymous_6)
FN:46,(anonymous_7)
FN:48,(anonymous_8)
FN:58,(anonymous_9)
FN:66,(anonymous_10)
FNF:9
FNH:9
FNDA:5,(anonymous_2)
FNDA:1,(anonymous_3)
FNDA:1,(anonymous_4)
FNDA:1,(anonymous_5)
FNDA:1,(anonymous_6)
FNDA:1,(anonymous_7)
FNDA:1,(anonymous_8)
FNDA:2,(anonymous_9)
FNDA:1,(anonymous_10)
DA:1,1
DA:2,1
DA:3,1
DA:4,1
DA:5,1
DA:9,1
DA:10,5
DA:19,5
DA:20,5
DA:27,1
DA:28,1
DA:30,1
DA:31,1
DA:39,1
DA:40,1
DA:41,1
DA:42,1
DA:46,1
DA:47,1
DA:48,1
DA:58,1
DA:59,2
DA:67,1
LF:23
LH:23
BRF:0
BRH:0
end_of_record
TN:
SF:src/realtime/realtime.service.ts
FN:117,(anonymous_2)
FN:119,(anonymous_3)
FN:127,(anonymous_4)
FN:132,(anonymous_5)
FN:142,(anonymous_6)
FN:150,(anonymous_7)
FN:161,(anonymous_8)
FN:165,(anonymous_9)
FN:168,(anonymous_10)
FN:174,(anonymous_11)
FN:208,(anonymous_12)
FNF:11
FNH:10
FNDA:8,(anonymous_2)
FNDA:1,(anonymous_3)
FNDA:3,(anonymous_4)
FNDA:0,(anonymous_5)
FNDA:5,(anonymous_6)
FNDA:4,(anonymous_7)
FNDA:9,(anonymous_8)
FNDA:9,(anonymous_9)
FNDA:10,(anonymous_10)
FNDA:18,(anonymous_11)
FNDA:9,(anonymous_12)
DA:101,2
DA:102,2
DA:103,2
DA:106,2
DA:107,8
DA:108,8
DA:109,8
DA:111,8
DA:112,8
DA:115,8
DA:117,8
DA:120,1
DA:121,1
DA:124,1
DA:128,3
DA:130,3
DA:132,3
DA:133,0
DA:134,0
DA:135,0
DA:143,5
DA:151,4
DA:163,9
DA:165,9
DA:167,9
DA:168,10
DA:170,9
DA:172,9
DA:174,9
DA:176,18
DA:177,3
DA:178,3
DA:185,3
DA:188,15
DA:189,15
DA:190,3
DA:192,3
DA:196,12
DA:198,12
DA:199,2
DA:202,12
DA:208,9
DA:209,9
DA:210,9
DA:211,9
LF:45
LH:42
BRDA:120,0,0,0
BRDA:128,1,0,0
BRDA:130,2,0,1
BRDA:161,3,0,0
BRDA:168,4,0,10
BRDA:168,4,1,9
BRDA:170,5,0,9
BRDA:176,6,0,3
BRDA:198,7,0,2
BRF:9
BRH:6
end_of_record
TN:
SF:src/shutdown/shutdown.service.ts
FN:9,(anonymous_1)
FN:13,(anonymous_2)
FN:16,(anonymous_3)
FNF:3
FNH:0
FNDA:0,(anonymous_1)
FNDA:0,(anonymous_2)
FNDA:0,(anonymous_3)
DA:1,0
DA:8,0
DA:10,0
DA:14,0
DA:17,0
LF:5
LH:0
BRF:0
BRH:0
end_of_record
TN:
SF:src/streams/streams.controller.ts
FN:8,(anonymous_4)
FN:28,(anonymous_5)
FN:33,(anonymous_6)
FNF:3
FNH:3
FNDA:4,(anonymous_4)
FNDA:3,(anonymous_5)
FNDA:1,(anonymous_6)
DA:1,1
DA:2,1
DA:4,1
DA:5,1
DA:7,1
DA:9,4
DA:10,4
DA:28,1
DA:29,3
DA:30,2
DA:33,1
DA:34,1
LF:12
LH:12
BRF:0
BRH:0
end_of_record
TN:
SF:src/streams/streams.service.ts
FN:10,(anonymous_4)
FN:17,(anonymous_5)
FN:35,(anonymous_6)
FNF:3
FNH:3
FNDA:7,(anonymous_4)
FNDA:4,(anonymous_5)
FNDA:3,(anonymous_6)
DA:1,4
DA:2,4
DA:3,4
DA:4,4
DA:5,4
DA:7,4
DA:9,4
DA:11,7
DA:12,7
DA:13,7
DA:18,4
DA:21,4
DA:22,4
DA:25,2
DA:26,2
DA:29,2
DA:31,2
DA:36,3
DA:43,3
DA:45,3
DA:46,1
DA:48,3
DA:49,3
LF:23
LH:23
BRDA:18,0,0,2
BRDA:18,0,1,2
BRDA:22,1,0,2
BRDA:25,2,0,1
BRDA:25,2,1,1
BRDA:45,3,0,1
BRF:6
BRH:6
end_of_record
