<?xml version="1.0" encoding="UTF-8"?>
<coverage generated="1763137786567" clover="3.2.0">
  <project timestamp="1763137786567" name="All files">
    <metrics statements="11" coveredstatements="10" conditionals="0" coveredconditionals="0" methods="4" coveredmethods="3" elements="15" coveredelements="13" complexity="0" loc="11" ncloc="11" packages="1" files="2" classes="2"/>
    <file name="app.controller.ts" path="/Users/psubedi/Downloads/Intern/Day-5/mini-http/src/app.controller.ts">
      <metrics statements="8" coveredstatements="8" conditionals="0" coveredconditionals="0" methods="3" coveredmethods="3"/>
      <line num="1" count="1" type="stmt"/>
      <line num="4" count="1" type="stmt"/>
      <line num="6" count="1" type="stmt"/>
      <line num="7" count="1" type="stmt"/>
      <line num="10" count="1" type="stmt"/>
      <line num="11" count="1" type="stmt"/>
      <line num="14" count="1" type="stmt"/>
      <line num="15" count="1" type="stmt"/>
    </file>
    <file name="app.service.ts" path="/Users/psubedi/Downloads/Intern/Day-5/mini-http/src/app.service.ts">
      <metrics statements="3" coveredstatements="2" conditionals="0" coveredconditionals="0" methods="1" coveredmethods="0"/>
      <line num="1" count="1" type="stmt"/>
      <line num="4" count="1" type="stmt"/>
      <line num="6" count="0" type="stmt"/>
    </file>
  </project>
</coverage>
