{"/Users/psubedi/Downloads/Intern/Day-5/mini-http/src/app.controller.ts": {"path":"/Users/psubedi/Downloads/Intern/Day-5/mini-http/src/app.controller.ts","statementMap":{"0":{"start":{"line":1,"column":0},"end":{"line":1,"column":49}},"1":{"start":{"line":4,"column":7},"end":{"line":17,"column":null}},"2":{"start":{"line":7,"column":4},"end":{"line":7,"column":60}},"3":{"start":{"line":11,"column":4},"end":{"line":11,"column":65}},"4":{"start":{"line":15,"column":4},"end":{"line":15,"column":53}},"5":{"start":{"line":4,"column":13},"end":{"line":4,"column":26}},"6":{"start":{"line":6,"column":2},"end":{"line":8,"column":null}},"7":{"start":{"line":10,"column":2},"end":{"line":12,"column":null}},"8":{"start":{"line":14,"column":2},"end":{"line":16,"column":null}},"9":{"start":{"line":4,"column":13},"end":{"line":17,"column":null}}},"fnMap":{"0":{"name":"(anonymous_2)","decl":{"start":{"line":6,"column":2},"end":{"line":6,"column":4}},"loc":{"start":{"line":6,"column":4},"end":{"line":8,"column":3}}},"1":{"name":"(anonymous_3)","decl":{"start":{"line":10,"column":2},"end":{"line":10,"column":6}},"loc":{"start":{"line":10,"column":6},"end":{"line":12,"column":3}}},"2":{"name":"(anonymous_4)","decl":{"start":{"line":14,"column":2},"end":{"line":14,"column":9}},"loc":{"start":{"line":14,"column":9},"end":{"line":16,"column":3}}}},"branchMap":{},"s":{"0":1,"1":1,"2":1,"3":1,"4":1,"5":1,"6":1,"7":1,"8":1,"9":1},"f":{"0":1,"1":1,"2":1},"b":{}}
,"/Users/psubedi/Downloads/Intern/Day-5/mini-http/src/app.service.ts": {"path":"/Users/psubedi/Downloads/Intern/Day-5/mini-http/src/app.service.ts","statementMap":{"0":{"start":{"line":1,"column":0},"end":{"line":1,"column":44}},"1":{"start":{"line":4,"column":7},"end":{"line":8,"column":null}},"2":{"start":{"line":6,"column":4},"end":{"line":6,"column":26}},"3":{"start":{"line":4,"column":13},"end":{"line":4,"column":23}},"4":{"start":{"line":4,"column":13},"end":{"line":8,"column":null}}},"fnMap":{"0":{"name":"(anonymous_1)","decl":{"start":{"line":5,"column":2},"end":{"line":5,"column":10}},"loc":{"start":{"line":5,"column":10},"end":{"line":7,"column":3}}}},"branchMap":{},"s":{"0":1,"1":1,"2":0,"3":1,"4":1},"f":{"0":0},"b":{}}
}
